;
; File list for sanos network boot image
;

; Directories

/bin
/boot
/dev
/proc
/etc
/mnt
/usr
/tmp

; System files

/boot/os.dll      bin\os.dll
/bin/sh.exe       bin\msh.exe

; Drivers

;/boot/pcnet32.sys  bin\pcnet32.sys
/boot/ne2000.sys   bin\ne2000.sys
;/boot/3c905c.sys   bin\3c905c.sys
/boot/rtl8139.sys  bin\rtl8139.sys
;/boot/eepro100.sys bin\eepro100.sys
;/boot/sis900.sys   bin\sis900.sys
;/boot/tulip.sys bin\tulip.sys

; Configuration files

/boot/krnl.ini    build\krnl.ini
/etc/os.ini       build\osnet.ini

