;
; File list for sanos boot floppy
;

; Directories

/bin
/boot
/etc
/dev
/mnt
/proc
/usr
/tmp
/var

; Boot files

/boot/boot         boot/boot
/boot/osldr.dll    boot/osldr.dll
/boot/krnl.ini     boot/krnl.ini
/boot/os.dll       boot/os.dll

; System files

/bin/sh.exe        bin/sh.exe
/bin/setup.exe     bin/setup.exe
/bin/fdisk.exe     bin/fdisk.exe
/bin/mkboot.exe    bin/mkboot.exe
/bin/edit.exe      bin/edit.exe
/bin/pkg.exe       bin/pkg.exe

; Drivers

/boot/pcnet32.sys   boot/pcnet32.sys
/boot/ne2000.sys    boot/ne2000.sys
/boot/3c905c.sys    boot/3c905c.sys
/boot/rtl8139.sys   boot/rtl8139.sys
/boot/eepro100.sys  boot/eepro100.sys
/boot/sis900.sys    boot/sis900.sys
/boot/tulip.sys     boot/tulip.sys

; Configuration files

/etc/os.ini        etc/os.ini
/etc/setup.ini     etc/setup.ini
